{
  "stats": {
    "suites": 1,
    "tests": 8,
    "passes": 6,
    "pending": 0,
    "failures": 2,
    "start": "2021-10-26T23:01:13.570Z",
    "end": "2021-10-26T23:01:42.894Z",
    "duration": 29324,
    "testsRegistered": 8,
    "passPercent": 75,
    "pendingPercent": 0,
    "other": 0,
    "hasOther": false,
    "skipped": 0,
    "hasSkipped": false
  },
  "results": [
    {
      "uuid": "8ada15f0-b9c6-4fe4-95eb-2d3944aa5ab0",
      "title": "",
      "fullFile": "cypress/integration/teste-ui/teste_ui.spec.js",
      "file": "cypress/integration/teste-ui/teste_ui.spec.js",
      "beforeHooks": [],
      "afterHooks": [],
      "tests": [],
      "suites": [
        {
          "uuid": "420c8dcb-3a29-4bd4-bb89-27aafcc3dd84",
          "title": "testeui",
          "fullFile": "",
          "file": "",
          "beforeHooks": [],
          "afterHooks": [],
          "tests": [
            {
              "title": "Switch de testes: Testar os casos do site da Pichau ",
              "fullTitle": "testeui Switch de testes: Testar os casos do site da Pichau ",
              "timedOut": null,
              "duration": 9463,
              "state": "passed",
              "speed": "medium",
              "pass": true,
              "fail": false,
              "pending": false,
              "context": null,
              "code": "cy.visit(\"https://www.pichau.com.br\");\ncy.wait(1000);",
              "err": {},
              "uuid": "98f44269-02ce-4404-b1d5-5943048ac645",
              "parentUUID": "420c8dcb-3a29-4bd4-bb89-27aafcc3dd84",
              "isHook": false,
              "skipped": false
            },
            {
              "title": "Teste com botão de acessar a todos os departamentos",
              "fullTitle": "testeui Teste com botão de acessar a todos os departamentos",
              "timedOut": null,
              "duration": 1986,
              "state": "passed",
              "speed": "fast",
              "pass": true,
              "fail": false,
              "pending": false,
              "context": null,
              "code": "cy.get('.MuiGrid-grid-md-4 > .MuiButtonBase-root').click();\ncy.wait(1000);",
              "err": {},
              "uuid": "31d9dda7-3a92-4112-bf30-96ab07f00932",
              "parentUUID": "420c8dcb-3a29-4bd4-bb89-27aafcc3dd84",
              "isHook": false,
              "skipped": false
            },
            {
              "title": "Teste para verificar um texto do departamento de hardware",
              "fullTitle": "testeui Teste para verificar um texto do departamento de hardware",
              "timedOut": null,
              "duration": 1182,
              "state": "passed",
              "speed": "fast",
              "pass": true,
              "fail": false,
              "pending": false,
              "context": null,
              "code": "cy.get(':nth-child(4) > :nth-child(1) > .jss109 > .MuiListItemText-root > .MuiTypography-root').should(\"contain.text\", \"Hardware\");\ncy.wait(1000);",
              "err": {},
              "uuid": "3fbbe0b3-0cd3-4d47-879a-a2ba8fcde0ee",
              "parentUUID": "420c8dcb-3a29-4bd4-bb89-27aafcc3dd84",
              "isHook": false,
              "skipped": false
            },
            {
              "title": "Teste no botão de monitores",
              "fullTitle": "testeui Teste no botão de monitores",
              "timedOut": null,
              "duration": 2069,
              "state": "passed",
              "speed": "fast",
              "pass": true,
              "fail": false,
              "pending": false,
              "context": null,
              "code": "cy.get(':nth-child(4) > :nth-child(4)').click();\ncy.wait(1000);",
              "err": {},
              "uuid": "ebdeb038-73bf-43af-8885-fbf05755db62",
              "parentUUID": "420c8dcb-3a29-4bd4-bb89-27aafcc3dd84",
              "isHook": false,
              "skipped": false
            },
            {
              "title": "Teste no botão de montar a configuração",
              "fullTitle": "testeui Teste no botão de montar a configuração",
              "timedOut": null,
              "duration": 4694,
              "state": "failed",
              "speed": null,
              "pass": false,
              "fail": true,
              "pending": false,
              "context": null,
              "code": "cy.get('.jss353 > .MuiListItem-root').click();\ncy.wait(4000);",
              "err": {
                "message": "AssertionError: Timed out retrying after 4000ms: Expected to find element: `.jss353 > .MuiListItem-root`, but never found it.",
                "estack": "AssertionError: Timed out retrying after 4000ms: Expected to find element: `.jss353 > .MuiListItem-root`, but never found it.\n    at Context.eval (https://www.pichau.com.br/__cypress/tests?p=cypress\\integration\\teste-ui\\teste_ui.spec.js:118:8)",
                "diff": null
              },
              "uuid": "13e81f9b-407d-4120-886b-73970d63e6fb",
              "parentUUID": "420c8dcb-3a29-4bd4-bb89-27aafcc3dd84",
              "isHook": false,
              "skipped": false
            },
            {
              "title": "Teste no botão de fechar a aba",
              "fullTitle": "testeui Teste no botão de fechar a aba",
              "timedOut": null,
              "duration": 4411,
              "state": "failed",
              "speed": null,
              "pass": false,
              "fail": true,
              "pending": false,
              "context": null,
              "code": "cy.get('.MuiPaper-root > .MuiButtonBase-root > .MuiIconButton-label > .MuiSvgIcon-root > path').click();\ncy.wait(4000);",
              "err": {
                "message": "AssertionError: Timed out retrying after 4000ms: Expected to find element: `.MuiPaper-root > .MuiButtonBase-root > .MuiIconButton-label > .MuiSvgIcon-root > path`, but never found it.",
                "estack": "AssertionError: Timed out retrying after 4000ms: Expected to find element: `.MuiPaper-root > .MuiButtonBase-root > .MuiIconButton-label > .MuiSvgIcon-root > path`, but never found it.\n    at Context.eval (https://www.pichau.com.br/__cypress/tests?p=cypress\\integration\\teste-ui\\teste_ui.spec.js:122:8)",
                "diff": null
              },
              "uuid": "8f78b727-588e-4a31-aa78-55f362214591",
              "parentUUID": "420c8dcb-3a29-4bd4-bb89-27aafcc3dd84",
              "isHook": false,
              "skipped": false
            },
            {
              "title": "Teste no botão de criar conta",
              "fullTitle": "testeui Teste no botão de criar conta",
              "timedOut": null,
              "duration": 1681,
              "state": "passed",
              "speed": "fast",
              "pass": true,
              "fail": false,
              "pending": false,
              "context": null,
              "code": "cy.get('strong > [href=\"/account\"]').click();\ncy.wait(1000);",
              "err": {},
              "uuid": "eae95323-5309-49d2-b2c6-37826464799f",
              "parentUUID": "420c8dcb-3a29-4bd4-bb89-27aafcc3dd84",
              "isHook": false,
              "skipped": false
            },
            {
              "title": "Teste de criar a conta, com aviso de erro ",
              "fullTitle": "testeui Teste de criar a conta, com aviso de erro ",
              "timedOut": null,
              "duration": 1263,
              "state": "passed",
              "speed": "fast",
              "pass": true,
              "fail": false,
              "pending": false,
              "context": null,
              "code": "cy.get('#username').type(\"Chris\");\ncy.get('#password').type(\"123\");\ncy.get('[data-cy=login-submit]').click();\ncy.get('#alert-dialog-title > .MuiTypography-root').should(\"contain.text\", \"Autenticação\");",
              "err": {},
              "uuid": "83250783-1405-41ef-9f3c-5269f84faf3b",
              "parentUUID": "420c8dcb-3a29-4bd4-bb89-27aafcc3dd84",
              "isHook": false,
              "skipped": false
            }
          ],
          "suites": [],
          "passes": [
            "98f44269-02ce-4404-b1d5-5943048ac645",
            "31d9dda7-3a92-4112-bf30-96ab07f00932",
            "3fbbe0b3-0cd3-4d47-879a-a2ba8fcde0ee",
            "ebdeb038-73bf-43af-8885-fbf05755db62",
            "eae95323-5309-49d2-b2c6-37826464799f",
            "83250783-1405-41ef-9f3c-5269f84faf3b"
          ],
          "failures": [
            "13e81f9b-407d-4120-886b-73970d63e6fb",
            "8f78b727-588e-4a31-aa78-55f362214591"
          ],
          "pending": [],
          "skipped": [],
          "duration": 26749,
          "root": false,
          "rootEmpty": false,
          "_timeout": 2000
        }
      ],
      "passes": [],
      "failures": [],
      "pending": [],
      "skipped": [],
      "duration": 0,
      "root": true,
      "rootEmpty": true,
      "_timeout": 2000
    }
  ],
  "meta": {
    "mocha": {
      "version": "7.0.1"
    },
    "mochawesome": {
      "options": {
        "quiet": false,
        "reportFilename": "mochawesome",
        "saveHtml": false,
        "saveJson": true,
        "consoleReporter": "spec",
        "useInlineDiffs": false,
        "code": true
      },
      "version": "6.3.1"
    },
    "marge": {
      "options": {
        "reportDir": "cypress/report",
        "overwrite": false,
        "html": false,
        "json": true
      },
      "version": "5.2.0"
    }
  }
}