{
  "stats": {
    "suites": 6,
    "tests": 46,
    "passes": 34,
    "pending": 0,
    "failures": 12,
    "start": "2021-10-26T22:56:27.773Z",
    "end": "2021-10-26T23:02:43.968Z",
    "duration": 153587,
    "testsRegistered": 46,
    "passPercent": 73.91304347826087,
    "pendingPercent": 0,
    "other": 0,
    "hasOther": false,
    "skipped": 0,
    "hasSkipped": false
  },
  "results": [
    {
      "uuid": "cb11ca49-91ca-4df6-9e78-7f525343e1f1",
      "title": "",
      "fullFile": "cypress/integration/teste-ui/teste_ui.spec.js",
      "file": "cypress/integration/teste-ui/teste_ui.spec.js",
      "beforeHooks": [],
      "afterHooks": [],
      "tests": [],
      "suites": [
        {
          "uuid": "d706c5db-92ef-4f70-ae9e-9772db531aa4",
          "title": "testeui",
          "fullFile": "",
          "file": "",
          "beforeHooks": [],
          "afterHooks": [],
          "tests": [
            {
              "title": "Switch de testes: Testar os casos do site da Pichau ",
              "fullTitle": "testeui Switch de testes: Testar os casos do site da Pichau ",
              "timedOut": null,
              "duration": 8774,
              "state": "passed",
              "speed": "medium",
              "pass": true,
              "fail": false,
              "pending": false,
              "context": null,
              "code": "cy.visit(\"https://www.pichau.com.br\");\ncy.wait(1000);",
              "err": {},
              "uuid": "0c1f40cd-3249-4f89-8150-92cc70b0198c",
              "parentUUID": "d706c5db-92ef-4f70-ae9e-9772db531aa4",
              "isHook": false,
              "skipped": false
            },
            {
              "title": "Teste com bot├úo de acessar a todos os departamentos",
              "fullTitle": "testeui Teste com bot├úo de acessar a todos os departamentos",
              "timedOut": null,
              "duration": 1948,
              "state": "passed",
              "speed": "fast",
              "pass": true,
              "fail": false,
              "pending": false,
              "context": null,
              "code": "cy.get('.MuiGrid-grid-md-4 > .MuiButtonBase-root').click();\ncy.wait(1000);",
              "err": {},
              "uuid": "f2e0a24b-fd51-4ec5-8c2a-fea838db003d",
              "parentUUID": "d706c5db-92ef-4f70-ae9e-9772db531aa4",
              "isHook": false,
              "skipped": false
            },
            {
              "title": "Teste para verificar um texto do departamento de hardware",
              "fullTitle": "testeui Teste para verificar um texto do departamento de hardware",
              "timedOut": null,
              "duration": 1202,
              "state": "passed",
              "speed": "fast",
              "pass": true,
              "fail": false,
              "pending": false,
              "context": null,
              "code": "cy.get(':nth-child(4) > :nth-child(1) > .jss109 > .MuiListItemText-root > .MuiTypography-root').should(\"contain.text\", \"Hardware\");\ncy.wait(1000);",
              "err": {},
              "uuid": "64ee8cda-ee2b-4c12-8a87-875a8e1da884",
              "parentUUID": "d706c5db-92ef-4f70-ae9e-9772db531aa4",
              "isHook": false,
              "skipped": false
            },
            {
              "title": "Teste no bot├úo de monitores",
              "fullTitle": "testeui Teste no bot├úo de monitores",
              "timedOut": null,
              "duration": 2116,
              "state": "passed",
              "speed": "fast",
              "pass": true,
              "fail": false,
              "pending": false,
              "context": null,
              "code": "cy.get(':nth-child(4) > :nth-child(4)').click();\ncy.wait(1000);",
              "err": {},
              "uuid": "24f4171d-d55a-4bbd-beae-cff0c34253fa",
              "parentUUID": "d706c5db-92ef-4f70-ae9e-9772db531aa4",
              "isHook": false,
              "skipped": false
            },
            {
              "title": "Teste no bot├úo de montar a configura├º├úo",
              "fullTitle": "testeui Teste no bot├úo de montar a configura├º├úo",
              "timedOut": null,
              "duration": 4939,
              "state": "failed",
              "speed": null,
              "pass": false,
              "fail": true,
              "pending": false,
              "context": null,
              "code": "cy.get('.jss353 > .MuiListItem-root').click();\ncy.wait(1000);",
              "err": {
                "message": "AssertionError: Timed out retrying after 4000ms: Expected to find element: `.jss353 > .MuiListItem-root`, but never found it.",
                "estack": "AssertionError: Timed out retrying after 4000ms: Expected to find element: `.jss353 > .MuiListItem-root`, but never found it.\n    at Context.eval (https://www.pichau.com.br/__cypress/tests?p=cypress\\integration\\teste-ui\\teste_ui.spec.js:118:8)",
                "diff": null
              },
              "uuid": "a6e75cb1-6d32-4f6c-8c07-2ca2f98995e1",
              "parentUUID": "d706c5db-92ef-4f70-ae9e-9772db531aa4",
              "isHook": false,
              "skipped": false
            },
            {
              "title": "Teste no bot├úo de fechar a aba",
              "fullTitle": "testeui Teste no bot├úo de fechar a aba",
              "timedOut": null,
              "duration": 4369,
              "state": "failed",
              "speed": null,
              "pass": false,
              "fail": true,
              "pending": false,
              "context": null,
              "code": "cy.get('.MuiPaper-root > .MuiButtonBase-root > .MuiIconButton-label > .MuiSvgIcon-root > path').click();\ncy.wait(1000);",
              "err": {
                "message": "AssertionError: Timed out retrying after 4000ms: Expected to find element: `.MuiPaper-root > .MuiButtonBase-root > .MuiIconButton-label > .MuiSvgIcon-root > path`, but never found it.",
                "estack": "AssertionError: Timed out retrying after 4000ms: Expected to find element: `.MuiPaper-root > .MuiButtonBase-root > .MuiIconButton-label > .MuiSvgIcon-root > path`, but never found it.\n    at Context.eval (https://www.pichau.com.br/__cypress/tests?p=cypress\\integration\\teste-ui\\teste_ui.spec.js:122:8)",
                "diff": null
              },
              "uuid": "b09dd45c-6cb2-4598-992e-6e0032f1bfd4",
              "parentUUID": "d706c5db-92ef-4f70-ae9e-9772db531aa4",
              "isHook": false,
              "skipped": false
            },
            {
              "title": "Teste no bot├úo de criar conta",
              "fullTitle": "testeui Teste no bot├úo de criar conta",
              "timedOut": null,
              "duration": 587,
              "state": "passed",
              "speed": "fast",
              "pass": true,
              "fail": false,
              "pending": false,
              "context": null,
              "code": "cy.get('strong > [href=\"/account\"]').click();",
              "err": {},
              "uuid": "f6f4b9e9-6354-4c56-be8a-009ef6aa4440",
              "parentUUID": "d706c5db-92ef-4f70-ae9e-9772db531aa4",
              "isHook": false,
              "skipped": false
            },
            {
              "title": "Teste de criar a conta, com aviso de erro ",
              "fullTitle": "testeui Teste de criar a conta, com aviso de erro ",
              "timedOut": null,
              "duration": 1500,
              "state": "passed",
              "speed": "fast",
              "pass": true,
              "fail": false,
              "pending": false,
              "context": null,
              "code": "cy.get('#username').type(\"Chris\");\ncy.get('#password').type(\"123\");\ncy.get('[data-cy=login-submit]').click();\ncy.get('#alert-dialog-title > .MuiTypography-root').should(\"contain.text\", \"Autentica├º├úo\");",
              "err": {},
              "uuid": "a8a8cad6-c216-43db-9d91-5a5177991b92",
              "parentUUID": "d706c5db-92ef-4f70-ae9e-9772db531aa4",
              "isHook": false,
              "skipped": false
            }
          ],
          "suites": [],
          "passes": [
            "0c1f40cd-3249-4f89-8150-92cc70b0198c",
            "f2e0a24b-fd51-4ec5-8c2a-fea838db003d",
            "64ee8cda-ee2b-4c12-8a87-875a8e1da884",
            "24f4171d-d55a-4bbd-beae-cff0c34253fa",
            "f6f4b9e9-6354-4c56-be8a-009ef6aa4440",
            "a8a8cad6-c216-43db-9d91-5a5177991b92"
          ],
          "failures": [
            "a6e75cb1-6d32-4f6c-8c07-2ca2f98995e1",
            "b09dd45c-6cb2-4598-992e-6e0032f1bfd4"
          ],
          "pending": [],
          "skipped": [],
          "duration": 25435,
          "root": false,
          "rootEmpty": false,
          "_timeout": 2000
        }
      ],
      "passes": [],
      "failures": [],
      "pending": [],
      "skipped": [],
      "duration": 0,
      "root": true,
      "rootEmpty": true,
      "_timeout": 2000
    },
    {
      "uuid": "b3907eed-0743-4841-927c-631770525c3e",
      "title": "",
      "fullFile": "cypress/integration/teste-ui/teste_ui.spec.js",
      "file": "cypress/integration/teste-ui/teste_ui.spec.js",
      "beforeHooks": [],
      "afterHooks": [],
      "tests": [],
      "suites": [
        {
          "uuid": "afda7603-cdce-48d6-87f3-07e776ca2807",
          "title": "testeui",
          "fullFile": "",
          "file": "",
          "beforeHooks": [],
          "afterHooks": [],
          "tests": [
            {
              "title": "Switch de testes: Testar os casos do site da Pichau ",
              "fullTitle": "testeui Switch de testes: Testar os casos do site da Pichau ",
              "timedOut": null,
              "duration": 8842,
              "state": "passed",
              "speed": "medium",
              "pass": true,
              "fail": false,
              "pending": false,
              "context": null,
              "code": "cy.visit(\"https://www.pichau.com.br\");\ncy.wait(1000);",
              "err": {},
              "uuid": "cfec4020-7c56-4923-a906-4bb1c72f16b1",
              "parentUUID": "afda7603-cdce-48d6-87f3-07e776ca2807",
              "isHook": false,
              "skipped": false
            },
            {
              "title": "Teste com bot├úo de acessar a todos os departamentos",
              "fullTitle": "testeui Teste com bot├úo de acessar a todos os departamentos",
              "timedOut": null,
              "duration": 1772,
              "state": "passed",
              "speed": "fast",
              "pass": true,
              "fail": false,
              "pending": false,
              "context": null,
              "code": "cy.get('.MuiGrid-grid-md-4 > .MuiButtonBase-root').click();\ncy.wait(1000);",
              "err": {},
              "uuid": "b913ae56-6278-4ce9-ae2f-9368e7a55e3a",
              "parentUUID": "afda7603-cdce-48d6-87f3-07e776ca2807",
              "isHook": false,
              "skipped": false
            },
            {
              "title": "Teste para verificar um texto do departamento de hardware",
              "fullTitle": "testeui Teste para verificar um texto do departamento de hardware",
              "timedOut": null,
              "duration": 1146,
              "state": "passed",
              "speed": "fast",
              "pass": true,
              "fail": false,
              "pending": false,
              "context": null,
              "code": "cy.get(':nth-child(4) > :nth-child(1) > .jss109 > .MuiListItemText-root > .MuiTypography-root').should(\"contain.text\", \"Hardware\");\ncy.wait(1000);",
              "err": {},
              "uuid": "25c6a479-c3fd-4e65-9e56-0a749568b005",
              "parentUUID": "afda7603-cdce-48d6-87f3-07e776ca2807",
              "isHook": false,
              "skipped": false
            },
            {
              "title": "Teste no bot├úo de monitores",
              "fullTitle": "testeui Teste no bot├úo de monitores",
              "timedOut": null,
              "duration": 1979,
              "state": "passed",
              "speed": "fast",
              "pass": true,
              "fail": false,
              "pending": false,
              "context": null,
              "code": "cy.get(':nth-child(4) > :nth-child(4)').click();\ncy.wait(1000);",
              "err": {},
              "uuid": "0dace56c-3c48-409a-b3d3-c51a1593d9ba",
              "parentUUID": "afda7603-cdce-48d6-87f3-07e776ca2807",
              "isHook": false,
              "skipped": false
            },
            {
              "title": "Teste no bot├úo de montar a configura├º├úo",
              "fullTitle": "testeui Teste no bot├úo de montar a configura├º├úo",
              "timedOut": null,
              "duration": 4794,
              "state": "failed",
              "speed": null,
              "pass": false,
              "fail": true,
              "pending": false,
              "context": null,
              "code": "cy.get('.jss353 > .MuiListItem-root').click();\ncy.wait(1000);",
              "err": {
                "message": "AssertionError: Timed out retrying after 4000ms: Expected to find element: `.jss353 > .MuiListItem-root`, but never found it.",
                "estack": "AssertionError: Timed out retrying after 4000ms: Expected to find element: `.jss353 > .MuiListItem-root`, but never found it.\n    at Context.eval (https://www.pichau.com.br/__cypress/tests?p=cypress\\integration\\teste-ui\\teste_ui.spec.js:118:8)",
                "diff": null
              },
              "uuid": "5b9e21dd-1013-455b-9fe9-c0fa92a1f0c0",
              "parentUUID": "afda7603-cdce-48d6-87f3-07e776ca2807",
              "isHook": false,
              "skipped": false
            },
            {
              "title": "Teste no bot├úo de fechar a aba",
              "fullTitle": "testeui Teste no bot├úo de fechar a aba",
              "timedOut": null,
              "duration": 4493,
              "state": "failed",
              "speed": null,
              "pass": false,
              "fail": true,
              "pending": false,
              "context": null,
              "code": "cy.get('.MuiPaper-root > .MuiButtonBase-root > .MuiIconButton-label > .MuiSvgIcon-root > path').click();\ncy.wait(1000);",
              "err": {
                "message": "AssertionError: Timed out retrying after 4000ms: Expected to find element: `.MuiPaper-root > .MuiButtonBase-root > .MuiIconButton-label > .MuiSvgIcon-root > path`, but never found it.",
                "estack": "AssertionError: Timed out retrying after 4000ms: Expected to find element: `.MuiPaper-root > .MuiButtonBase-root > .MuiIconButton-label > .MuiSvgIcon-root > path`, but never found it.\n    at Context.eval (https://www.pichau.com.br/__cypress/tests?p=cypress\\integration\\teste-ui\\teste_ui.spec.js:122:8)",
                "diff": null
              },
              "uuid": "cf5d2e68-ef98-42ef-9fbf-5950fde62332",
              "parentUUID": "afda7603-cdce-48d6-87f3-07e776ca2807",
              "isHook": false,
              "skipped": false
            },
            {
              "title": "Teste no bot├úo de criar conta",
              "fullTitle": "testeui Teste no bot├úo de criar conta",
              "timedOut": null,
              "duration": 601,
              "state": "passed",
              "speed": "fast",
              "pass": true,
              "fail": false,
              "pending": false,
              "context": null,
              "code": "cy.get('strong > [href=\"/account\"]').click();",
              "err": {},
              "uuid": "e42e226c-bccf-4139-83da-a4c8ed8fa020",
              "parentUUID": "afda7603-cdce-48d6-87f3-07e776ca2807",
              "isHook": false,
              "skipped": false
            },
            {
              "title": "Teste de criar a conta, com aviso de erro ",
              "fullTitle": "testeui Teste de criar a conta, com aviso de erro ",
              "timedOut": null,
              "duration": 1569,
              "state": "passed",
              "speed": "fast",
              "pass": true,
              "fail": false,
              "pending": false,
              "context": null,
              "code": "cy.get('#username').type(\"Chris\");\ncy.get('#password').type(\"123\");\ncy.get('[data-cy=login-submit]').click();\ncy.get('#alert-dialog-title > .MuiTypography-root').should(\"contain.text\", \"Autentica├º├úo\");",
              "err": {},
              "uuid": "0b8d9d79-6286-4b70-bb8b-396d951a1e60",
              "parentUUID": "afda7603-cdce-48d6-87f3-07e776ca2807",
              "isHook": false,
              "skipped": false
            }
          ],
          "suites": [],
          "passes": [
            "cfec4020-7c56-4923-a906-4bb1c72f16b1",
            "b913ae56-6278-4ce9-ae2f-9368e7a55e3a",
            "25c6a479-c3fd-4e65-9e56-0a749568b005",
            "0dace56c-3c48-409a-b3d3-c51a1593d9ba",
            "e42e226c-bccf-4139-83da-a4c8ed8fa020",
            "0b8d9d79-6286-4b70-bb8b-396d951a1e60"
          ],
          "failures": [
            "5b9e21dd-1013-455b-9fe9-c0fa92a1f0c0",
            "cf5d2e68-ef98-42ef-9fbf-5950fde62332"
          ],
          "pending": [],
          "skipped": [],
          "duration": 25196,
          "root": false,
          "rootEmpty": false,
          "_timeout": 2000
        }
      ],
      "passes": [],
      "failures": [],
      "pending": [],
      "skipped": [],
      "duration": 0,
      "root": true,
      "rootEmpty": true,
      "_timeout": 2000
    },
    {
      "uuid": "96feb450-f137-42fa-9105-432b79d30a26",
      "title": "",
      "fullFile": "cypress/integration/teste-ui/teste_ui.spec.js",
      "file": "cypress/integration/teste-ui/teste_ui.spec.js",
      "beforeHooks": [],
      "afterHooks": [],
      "tests": [],
      "suites": [
        {
          "uuid": "dec042a9-c98a-4ea0-92b5-ea906bc414c3",
          "title": "testeui",
          "fullFile": "",
          "file": "",
          "beforeHooks": [],
          "afterHooks": [],
          "tests": [
            {
              "title": "Switch de testes: Testar os casos do site da Pichau ",
              "fullTitle": "testeui Switch de testes: Testar os casos do site da Pichau ",
              "timedOut": null,
              "duration": 8237,
              "state": "passed",
              "speed": "medium",
              "pass": true,
              "fail": false,
              "pending": false,
              "context": null,
              "code": "cy.visit(\"https://www.pichau.com.br\");\ncy.wait(1000);",
              "err": {},
              "uuid": "6efad42c-a687-4840-9f58-37945e4cea7a",
              "parentUUID": "dec042a9-c98a-4ea0-92b5-ea906bc414c3",
              "isHook": false,
              "skipped": false
            },
            {
              "title": "Teste com bot├úo de acessar a todos os departamentos",
              "fullTitle": "testeui Teste com bot├úo de acessar a todos os departamentos",
              "timedOut": null,
              "duration": 1900,
              "state": "passed",
              "speed": "fast",
              "pass": true,
              "fail": false,
              "pending": false,
              "context": null,
              "code": "cy.get('.MuiGrid-grid-md-4 > .MuiButtonBase-root').click();\ncy.wait(1000);",
              "err": {},
              "uuid": "ecb936b8-7f56-4bad-abcd-3f62358619a7",
              "parentUUID": "dec042a9-c98a-4ea0-92b5-ea906bc414c3",
              "isHook": false,
              "skipped": false
            },
            {
              "title": "Teste para verificar um texto do departamento de hardware",
              "fullTitle": "testeui Teste para verificar um texto do departamento de hardware",
              "timedOut": null,
              "duration": 4609,
              "state": "failed",
              "speed": null,
              "pass": false,
              "fail": true,
              "pending": false,
              "context": null,
              "code": "cy.get(':nth-child(4) > :nth-child(1) > .jss109 > .MuiListItemText-root > .MuiTypography-root').should(\"contain.text\", \"Hardware\");\ncy.wait(1000);",
              "err": {
                "message": "AssertionError: Timed out retrying after 4000ms: Expected to find element: `:nth-child(4) > :nth-child(1) > .jss109 > .MuiListItemText-root > .MuiTypography-root`, but never found it.",
                "estack": "AssertionError: Timed out retrying after 4000ms: Expected to find element: `:nth-child(4) > :nth-child(1) > .jss109 > .MuiListItemText-root > .MuiTypography-root`, but never found it.\n    at Context.eval (https://www.pichau.com.br/__cypress/tests?p=cypress\\integration\\teste-ui\\teste_ui.spec.js:110:101)",
                "diff": null
              },
              "uuid": "eac5e655-e980-46ed-9aaf-768b2305f55e",
              "parentUUID": "dec042a9-c98a-4ea0-92b5-ea906bc414c3",
              "isHook": false,
              "skipped": false
            },
            {
              "title": "Teste no bot├úo de monitores",
              "fullTitle": "testeui Teste no bot├úo de monitores",
              "timedOut": null,
              "duration": 1831,
              "state": "passed",
              "speed": "fast",
              "pass": true,
              "fail": false,
              "pending": false,
              "context": null,
              "code": "cy.get(':nth-child(4) > :nth-child(4)').click();\ncy.wait(1000);",
              "err": {},
              "uuid": "276d9d22-776c-470c-8e2f-6db2d18bffa5",
              "parentUUID": "dec042a9-c98a-4ea0-92b5-ea906bc414c3",
              "isHook": false,
              "skipped": false
            },
            {
              "title": "Teste no bot├úo de montar a configura├º├úo",
              "fullTitle": "testeui Teste no bot├úo de montar a configura├º├úo",
              "timedOut": null,
              "duration": 4793,
              "state": "failed",
              "speed": null,
              "pass": false,
              "fail": true,
              "pending": false,
              "context": null,
              "code": "cy.get('.jss353 > .MuiListItem-root').click();\ncy.wait(4000);",
              "err": {
                "message": "AssertionError: Timed out retrying after 4000ms: Expected to find element: `.jss353 > .MuiListItem-root`, but never found it.",
                "estack": "AssertionError: Timed out retrying after 4000ms: Expected to find element: `.jss353 > .MuiListItem-root`, but never found it.\n    at Context.eval (https://www.pichau.com.br/__cypress/tests?p=cypress\\integration\\teste-ui\\teste_ui.spec.js:118:8)",
                "diff": null
              },
              "uuid": "5dc24b6c-5eeb-4f95-b4e9-e1fa64d04de3",
              "parentUUID": "dec042a9-c98a-4ea0-92b5-ea906bc414c3",
              "isHook": false,
              "skipped": false
            },
            {
              "title": "Teste no bot├úo de fechar a aba",
              "fullTitle": "testeui Teste no bot├úo de fechar a aba",
              "timedOut": null,
              "duration": 4548,
              "state": "failed",
              "speed": null,
              "pass": false,
              "fail": true,
              "pending": false,
              "context": null,
              "code": "cy.get('.MuiPaper-root > .MuiButtonBase-root > .MuiIconButton-label > .MuiSvgIcon-root > path').click();\ncy.wait(4000);",
              "err": {
                "message": "AssertionError: Timed out retrying after 4000ms: Expected to find element: `.MuiPaper-root > .MuiButtonBase-root > .MuiIconButton-label > .MuiSvgIcon-root > path`, but never found it.",
                "estack": "AssertionError: Timed out retrying after 4000ms: Expected to find element: `.MuiPaper-root > .MuiButtonBase-root > .MuiIconButton-label > .MuiSvgIcon-root > path`, but never found it.\n    at Context.eval (https://www.pichau.com.br/__cypress/tests?p=cypress\\integration\\teste-ui\\teste_ui.spec.js:122:8)",
                "diff": null
              },
              "uuid": "c33e2a1d-a4b7-480f-87b2-737bee2a0a49",
              "parentUUID": "dec042a9-c98a-4ea0-92b5-ea906bc414c3",
              "isHook": false,
              "skipped": false
            },
            {
              "title": "Teste no bot├úo de criar conta",
              "fullTitle": "testeui Teste no bot├úo de criar conta",
              "timedOut": null,
              "duration": 1714,
              "state": "passed",
              "speed": "fast",
              "pass": true,
              "fail": false,
              "pending": false,
              "context": null,
              "code": "cy.get('strong > [href=\"/account\"]').click();\ncy.wait(1000);",
              "err": {},
              "uuid": "ecc26939-e049-4648-b352-07af7bc169f5",
              "parentUUID": "dec042a9-c98a-4ea0-92b5-ea906bc414c3",
              "isHook": false,
              "skipped": false
            },
            {
              "title": "Teste de criar a conta, com aviso de erro ",
              "fullTitle": "testeui Teste de criar a conta, com aviso de erro ",
              "timedOut": null,
              "duration": 1564,
              "state": "passed",
              "speed": "fast",
              "pass": true,
              "fail": false,
              "pending": false,
              "context": null,
              "code": "cy.get('#username').type(\"Chris\");\ncy.get('#password').type(\"123\");\ncy.get('[data-cy=login-submit]').click();\ncy.get('#alert-dialog-title > .MuiTypography-root').should(\"contain.text\", \"Autentica├º├úo\");",
              "err": {},
              "uuid": "eb5e9116-cd2d-456b-bc69-bd0ac657fc15",
              "parentUUID": "dec042a9-c98a-4ea0-92b5-ea906bc414c3",
              "isHook": false,
              "skipped": false
            }
          ],
          "suites": [],
          "passes": [
            "6efad42c-a687-4840-9f58-37945e4cea7a",
            "ecb936b8-7f56-4bad-abcd-3f62358619a7",
            "276d9d22-776c-470c-8e2f-6db2d18bffa5",
            "ecc26939-e049-4648-b352-07af7bc169f5",
            "eb5e9116-cd2d-456b-bc69-bd0ac657fc15"
          ],
          "failures": [
            "eac5e655-e980-46ed-9aaf-768b2305f55e",
            "5dc24b6c-5eeb-4f95-b4e9-e1fa64d04de3",
            "c33e2a1d-a4b7-480f-87b2-737bee2a0a49"
          ],
          "pending": [],
          "skipped": [],
          "duration": 29196,
          "root": false,
          "rootEmpty": false,
          "_timeout": 2000
        }
      ],
      "passes": [],
      "failures": [],
      "pending": [],
      "skipped": [],
      "duration": 0,
      "root": true,
      "rootEmpty": true,
      "_timeout": 2000
    },
    {
      "uuid": "8ada15f0-b9c6-4fe4-95eb-2d3944aa5ab0",
      "title": "",
      "fullFile": "cypress/integration/teste-ui/teste_ui.spec.js",
      "file": "cypress/integration/teste-ui/teste_ui.spec.js",
      "beforeHooks": [],
      "afterHooks": [],
      "tests": [],
      "suites": [
        {
          "uuid": "420c8dcb-3a29-4bd4-bb89-27aafcc3dd84",
          "title": "testeui",
          "fullFile": "",
          "file": "",
          "beforeHooks": [],
          "afterHooks": [],
          "tests": [
            {
              "title": "Switch de testes: Testar os casos do site da Pichau ",
              "fullTitle": "testeui Switch de testes: Testar os casos do site da Pichau ",
              "timedOut": null,
              "duration": 9463,
              "state": "passed",
              "speed": "medium",
              "pass": true,
              "fail": false,
              "pending": false,
              "context": null,
              "code": "cy.visit(\"https://www.pichau.com.br\");\ncy.wait(1000);",
              "err": {},
              "uuid": "98f44269-02ce-4404-b1d5-5943048ac645",
              "parentUUID": "420c8dcb-3a29-4bd4-bb89-27aafcc3dd84",
              "isHook": false,
              "skipped": false
            },
            {
              "title": "Teste com bot├úo de acessar a todos os departamentos",
              "fullTitle": "testeui Teste com bot├úo de acessar a todos os departamentos",
              "timedOut": null,
              "duration": 1986,
              "state": "passed",
              "speed": "fast",
              "pass": true,
              "fail": false,
              "pending": false,
              "context": null,
              "code": "cy.get('.MuiGrid-grid-md-4 > .MuiButtonBase-root').click();\ncy.wait(1000);",
              "err": {},
              "uuid": "31d9dda7-3a92-4112-bf30-96ab07f00932",
              "parentUUID": "420c8dcb-3a29-4bd4-bb89-27aafcc3dd84",
              "isHook": false,
              "skipped": false
            },
            {
              "title": "Teste para verificar um texto do departamento de hardware",
              "fullTitle": "testeui Teste para verificar um texto do departamento de hardware",
              "timedOut": null,
              "duration": 1182,
              "state": "passed",
              "speed": "fast",
              "pass": true,
              "fail": false,
              "pending": false,
              "context": null,
              "code": "cy.get(':nth-child(4) > :nth-child(1) > .jss109 > .MuiListItemText-root > .MuiTypography-root').should(\"contain.text\", \"Hardware\");\ncy.wait(1000);",
              "err": {},
              "uuid": "3fbbe0b3-0cd3-4d47-879a-a2ba8fcde0ee",
              "parentUUID": "420c8dcb-3a29-4bd4-bb89-27aafcc3dd84",
              "isHook": false,
              "skipped": false
            },
            {
              "title": "Teste no bot├úo de monitores",
              "fullTitle": "testeui Teste no bot├úo de monitores",
              "timedOut": null,
              "duration": 2069,
              "state": "passed",
              "speed": "fast",
              "pass": true,
              "fail": false,
              "pending": false,
              "context": null,
              "code": "cy.get(':nth-child(4) > :nth-child(4)').click();\ncy.wait(1000);",
              "err": {},
              "uuid": "ebdeb038-73bf-43af-8885-fbf05755db62",
              "parentUUID": "420c8dcb-3a29-4bd4-bb89-27aafcc3dd84",
              "isHook": false,
              "skipped": false
            },
            {
              "title": "Teste no bot├úo de montar a configura├º├úo",
              "fullTitle": "testeui Teste no bot├úo de montar a configura├º├úo",
              "timedOut": null,
              "duration": 4694,
              "state": "failed",
              "speed": null,
              "pass": false,
              "fail": true,
              "pending": false,
              "context": null,
              "code": "cy.get('.jss353 > .MuiListItem-root').click();\ncy.wait(4000);",
              "err": {
                "message": "AssertionError: Timed out retrying after 4000ms: Expected to find element: `.jss353 > .MuiListItem-root`, but never found it.",
                "estack": "AssertionError: Timed out retrying after 4000ms: Expected to find element: `.jss353 > .MuiListItem-root`, but never found it.\n    at Context.eval (https://www.pichau.com.br/__cypress/tests?p=cypress\\integration\\teste-ui\\teste_ui.spec.js:118:8)",
                "diff": null
              },
              "uuid": "13e81f9b-407d-4120-886b-73970d63e6fb",
              "parentUUID": "420c8dcb-3a29-4bd4-bb89-27aafcc3dd84",
              "isHook": false,
              "skipped": false
            },
            {
              "title": "Teste no bot├úo de fechar a aba",
              "fullTitle": "testeui Teste no bot├úo de fechar a aba",
              "timedOut": null,
              "duration": 4411,
              "state": "failed",
              "speed": null,
              "pass": false,
              "fail": true,
              "pending": false,
              "context": null,
              "code": "cy.get('.MuiPaper-root > .MuiButtonBase-root > .MuiIconButton-label > .MuiSvgIcon-root > path').click();\ncy.wait(4000);",
              "err": {
                "message": "AssertionError: Timed out retrying after 4000ms: Expected to find element: `.MuiPaper-root > .MuiButtonBase-root > .MuiIconButton-label > .MuiSvgIcon-root > path`, but never found it.",
                "estack": "AssertionError: Timed out retrying after 4000ms: Expected to find element: `.MuiPaper-root > .MuiButtonBase-root > .MuiIconButton-label > .MuiSvgIcon-root > path`, but never found it.\n    at Context.eval (https://www.pichau.com.br/__cypress/tests?p=cypress\\integration\\teste-ui\\teste_ui.spec.js:122:8)",
                "diff": null
              },
              "uuid": "8f78b727-588e-4a31-aa78-55f362214591",
              "parentUUID": "420c8dcb-3a29-4bd4-bb89-27aafcc3dd84",
              "isHook": false,
              "skipped": false
            },
            {
              "title": "Teste no bot├úo de criar conta",
              "fullTitle": "testeui Teste no bot├úo de criar conta",
              "timedOut": null,
              "duration": 1681,
              "state": "passed",
              "speed": "fast",
              "pass": true,
              "fail": false,
              "pending": false,
              "context": null,
              "code": "cy.get('strong > [href=\"/account\"]').click();\ncy.wait(1000);",
              "err": {},
              "uuid": "eae95323-5309-49d2-b2c6-37826464799f",
              "parentUUID": "420c8dcb-3a29-4bd4-bb89-27aafcc3dd84",
              "isHook": false,
              "skipped": false
            },
            {
              "title": "Teste de criar a conta, com aviso de erro ",
              "fullTitle": "testeui Teste de criar a conta, com aviso de erro ",
              "timedOut": null,
              "duration": 1263,
              "state": "passed",
              "speed": "fast",
              "pass": true,
              "fail": false,
              "pending": false,
              "context": null,
              "code": "cy.get('#username').type(\"Chris\");\ncy.get('#password').type(\"123\");\ncy.get('[data-cy=login-submit]').click();\ncy.get('#alert-dialog-title > .MuiTypography-root').should(\"contain.text\", \"Autentica├º├úo\");",
              "err": {},
              "uuid": "83250783-1405-41ef-9f3c-5269f84faf3b",
              "parentUUID": "420c8dcb-3a29-4bd4-bb89-27aafcc3dd84",
              "isHook": false,
              "skipped": false
            }
          ],
          "suites": [],
          "passes": [
            "98f44269-02ce-4404-b1d5-5943048ac645",
            "31d9dda7-3a92-4112-bf30-96ab07f00932",
            "3fbbe0b3-0cd3-4d47-879a-a2ba8fcde0ee",
            "ebdeb038-73bf-43af-8885-fbf05755db62",
            "eae95323-5309-49d2-b2c6-37826464799f",
            "83250783-1405-41ef-9f3c-5269f84faf3b"
          ],
          "failures": [
            "13e81f9b-407d-4120-886b-73970d63e6fb",
            "8f78b727-588e-4a31-aa78-55f362214591"
          ],
          "pending": [],
          "skipped": [],
          "duration": 26749,
          "root": false,
          "rootEmpty": false,
          "_timeout": 2000
        }
      ],
      "passes": [],
      "failures": [],
      "pending": [],
      "skipped": [],
      "duration": 0,
      "root": true,
      "rootEmpty": true,
      "_timeout": 2000
    },
    {
      "uuid": "370c30f4-cd4b-417e-b3ce-d16f7000a343",
      "title": "",
      "fullFile": "cypress/integration/teste-ui/teste_ui.spec.js",
      "file": "cypress/integration/teste-ui/teste_ui.spec.js",
      "beforeHooks": [],
      "afterHooks": [],
      "tests": [],
      "suites": [
        {
          "uuid": "94331051-64db-40e3-9f87-f556f36874e3",
          "title": "testeui",
          "fullFile": "",
          "file": "",
          "beforeHooks": [],
          "afterHooks": [],
          "tests": [
            {
              "title": "Switch de testes: Testar os casos do site da Pichau ",
              "fullTitle": "testeui Switch de testes: Testar os casos do site da Pichau ",
              "timedOut": null,
              "duration": 8112,
              "state": "passed",
              "speed": "medium",
              "pass": true,
              "fail": false,
              "pending": false,
              "context": null,
              "code": "cy.visit(\"https://www.pichau.com.br\");\ncy.wait(1000);",
              "err": {},
              "uuid": "de2c9d1a-0dc4-40d2-9cc8-d9d8e9e3dd9e",
              "parentUUID": "94331051-64db-40e3-9f87-f556f36874e3",
              "isHook": false,
              "skipped": false
            },
            {
              "title": "Teste com bot├úo de acessar a todos os departamentos",
              "fullTitle": "testeui Teste com bot├úo de acessar a todos os departamentos",
              "timedOut": null,
              "duration": 1942,
              "state": "passed",
              "speed": "fast",
              "pass": true,
              "fail": false,
              "pending": false,
              "context": null,
              "code": "cy.get('.MuiGrid-grid-md-4 > .MuiButtonBase-root').click();\ncy.wait(1000);",
              "err": {},
              "uuid": "d86fd4a9-6c97-4828-8876-55460c6d637a",
              "parentUUID": "94331051-64db-40e3-9f87-f556f36874e3",
              "isHook": false,
              "skipped": false
            },
            {
              "title": "Teste para verificar um texto do departamento de hardware",
              "fullTitle": "testeui Teste para verificar um texto do departamento de hardware",
              "timedOut": null,
              "duration": 1160,
              "state": "passed",
              "speed": "fast",
              "pass": true,
              "fail": false,
              "pending": false,
              "context": null,
              "code": "cy.get(':nth-child(4) > :nth-child(1) > .jss109 > .MuiListItemText-root > .MuiTypography-root').should(\"contain.text\", \"Hardware\");\ncy.wait(1000);",
              "err": {},
              "uuid": "f8d20156-d162-4a63-b38f-601f1a896de6",
              "parentUUID": "94331051-64db-40e3-9f87-f556f36874e3",
              "isHook": false,
              "skipped": false
            },
            {
              "title": "Teste no bot├úo de monitores",
              "fullTitle": "testeui Teste no bot├úo de monitores",
              "timedOut": null,
              "duration": 1963,
              "state": "passed",
              "speed": "fast",
              "pass": true,
              "fail": false,
              "pending": false,
              "context": null,
              "code": "cy.get(':nth-child(4) > :nth-child(4)').click();\ncy.wait(1000);",
              "err": {},
              "uuid": "b1a3d11e-1f8a-4f36-b99a-7b04caebb2d6",
              "parentUUID": "94331051-64db-40e3-9f87-f556f36874e3",
              "isHook": false,
              "skipped": false
            },
            {
              "title": "Teste no bot├úo de criar conta",
              "fullTitle": "testeui Teste no bot├úo de criar conta",
              "timedOut": null,
              "duration": 2056,
              "state": "passed",
              "speed": "fast",
              "pass": true,
              "fail": false,
              "pending": false,
              "context": null,
              "code": "cy.get('strong > [href=\"/account\"]').click();\ncy.wait(1000);",
              "err": {},
              "uuid": "fe477a43-69ce-4a7c-b8aa-62ce66c3f9ce",
              "parentUUID": "94331051-64db-40e3-9f87-f556f36874e3",
              "isHook": false,
              "skipped": false
            },
            {
              "title": "Teste de criar a conta, com aviso de erro ",
              "fullTitle": "testeui Teste de criar a conta, com aviso de erro ",
              "timedOut": null,
              "duration": 1224,
              "state": "passed",
              "speed": "fast",
              "pass": true,
              "fail": false,
              "pending": false,
              "context": null,
              "code": "cy.get('#username').type(\"Chris\");\ncy.get('#password').type(\"123\");\ncy.get('[data-cy=login-submit]').click();\ncy.get('#alert-dialog-title > .MuiTypography-root').should(\"contain.text\", \"Autentica├º├úo\");",
              "err": {},
              "uuid": "d8068f0c-f519-4484-9980-db44f3b6a710",
              "parentUUID": "94331051-64db-40e3-9f87-f556f36874e3",
              "isHook": false,
              "skipped": false
            }
          ],
          "suites": [],
          "passes": [
            "de2c9d1a-0dc4-40d2-9cc8-d9d8e9e3dd9e",
            "d86fd4a9-6c97-4828-8876-55460c6d637a",
            "f8d20156-d162-4a63-b38f-601f1a896de6",
            "b1a3d11e-1f8a-4f36-b99a-7b04caebb2d6",
            "fe477a43-69ce-4a7c-b8aa-62ce66c3f9ce",
            "d8068f0c-f519-4484-9980-db44f3b6a710"
          ],
          "failures": [],
          "pending": [],
          "skipped": [],
          "duration": 16457,
          "root": false,
          "rootEmpty": false,
          "_timeout": 2000
        }
      ],
      "passes": [],
      "failures": [],
      "pending": [],
      "skipped": [],
      "duration": 0,
      "root": true,
      "rootEmpty": true,
      "_timeout": 2000
    },
    {
      "uuid": "444bd4d3-d083-449c-8553-f19f8ba323f6",
      "title": "",
      "fullFile": "cypress/integration/teste-ui/teste_ui.spec.js",
      "file": "cypress/integration/teste-ui/teste_ui.spec.js",
      "beforeHooks": [],
      "afterHooks": [],
      "tests": [],
      "suites": [
        {
          "uuid": "255b4f8c-bf4a-47bb-b56e-3b428a1a7880",
          "title": "testeui",
          "fullFile": "",
          "file": "",
          "beforeHooks": [],
          "afterHooks": [],
          "tests": [
            {
              "title": "Switch de testes: Testar os casos do site da Pichau ",
              "fullTitle": "testeui Switch de testes: Testar os casos do site da Pichau ",
              "timedOut": null,
              "duration": 9491,
              "state": "passed",
              "speed": "medium",
              "pass": true,
              "fail": false,
              "pending": false,
              "context": null,
              "code": "cy.visit(\"https://www.pichau.com.br\");\ncy.wait(1000);",
              "err": {},
              "uuid": "0a3a79f2-24f9-41a1-a4da-295ea3894184",
              "parentUUID": "255b4f8c-bf4a-47bb-b56e-3b428a1a7880",
              "isHook": false,
              "skipped": false
            },
            {
              "title": "Teste com bot├úo de acessar a todos os departamentos",
              "fullTitle": "testeui Teste com bot├úo de acessar a todos os departamentos",
              "timedOut": null,
              "duration": 2530,
              "state": "passed",
              "speed": "fast",
              "pass": true,
              "fail": false,
              "pending": false,
              "context": null,
              "code": "cy.get('.MuiGrid-grid-md-4 > .MuiButtonBase-root').click();\ncy.wait(1000);",
              "err": {},
              "uuid": "bbd430d1-0493-400b-aea2-6076b27031cc",
              "parentUUID": "255b4f8c-bf4a-47bb-b56e-3b428a1a7880",
              "isHook": false,
              "skipped": false
            },
            {
              "title": "Teste para verificar um texto do departamento de hardware",
              "fullTitle": "testeui Teste para verificar um texto do departamento de hardware",
              "timedOut": null,
              "duration": 4676,
              "state": "failed",
              "speed": null,
              "pass": false,
              "fail": true,
              "pending": false,
              "context": null,
              "code": "cy.get(':nth-child(4) > :nth-child(1) > .jss109 > .MuiListItemText-root > .MuiTypography-root').should(\"contain.text\", \"Hardware\");\ncy.wait(1000);",
              "err": {
                "message": "AssertionError: Timed out retrying after 4000ms: Expected to find element: `:nth-child(4) > :nth-child(1) > .jss109 > .MuiListItemText-root > .MuiTypography-root`, but never found it.",
                "estack": "AssertionError: Timed out retrying after 4000ms: Expected to find element: `:nth-child(4) > :nth-child(1) > .jss109 > .MuiListItemText-root > .MuiTypography-root`, but never found it.\n    at Context.eval (https://www.pichau.com.br/__cypress/tests?p=cypress\\integration\\teste-ui\\teste_ui.spec.js:110:101)",
                "diff": null
              },
              "uuid": "ca5931e4-7cd3-4145-acf5-6048a06cfdc1",
              "parentUUID": "255b4f8c-bf4a-47bb-b56e-3b428a1a7880",
              "isHook": false,
              "skipped": false
            },
            {
              "title": "Teste no bot├úo de monitores",
              "fullTitle": "testeui Teste no bot├úo de monitores",
              "timedOut": null,
              "duration": 1971,
              "state": "passed",
              "speed": "fast",
              "pass": true,
              "fail": false,
              "pending": false,
              "context": null,
              "code": "cy.get(':nth-child(4) > :nth-child(4)').click();\ncy.wait(1000);",
              "err": {},
              "uuid": "6b849772-4d72-4607-b23e-f9d681497939",
              "parentUUID": "255b4f8c-bf4a-47bb-b56e-3b428a1a7880",
              "isHook": false,
              "skipped": false
            },
            {
              "title": "Teste no bot├úo de montar a configura├º├úo",
              "fullTitle": "testeui Teste no bot├úo de montar a configura├º├úo",
              "timedOut": null,
              "duration": 4967,
              "state": "failed",
              "speed": null,
              "pass": false,
              "fail": true,
              "pending": false,
              "context": null,
              "code": "cy.get('.jss353 > .MuiListItem-root').click();\ncy.wait(1000);",
              "err": {
                "message": "AssertionError: Timed out retrying after 4000ms: Expected to find element: `.jss353 > .MuiListItem-root`, but never found it.",
                "estack": "AssertionError: Timed out retrying after 4000ms: Expected to find element: `.jss353 > .MuiListItem-root`, but never found it.\n    at Context.eval (https://www.pichau.com.br/__cypress/tests?p=cypress\\integration\\teste-ui\\teste_ui.spec.js:118:8)",
                "diff": null
              },
              "uuid": "6c7ab056-a26c-471a-903b-b62724797996",
              "parentUUID": "255b4f8c-bf4a-47bb-b56e-3b428a1a7880",
              "isHook": false,
              "skipped": false
            },
            {
              "title": "Teste no bot├úo de fechar a aba",
              "fullTitle": "testeui Teste no bot├úo de fechar a aba",
              "timedOut": null,
              "duration": 4452,
              "state": "failed",
              "speed": null,
              "pass": false,
              "fail": true,
              "pending": false,
              "context": null,
              "code": "cy.get('.MuiPaper-root > .MuiButtonBase-root > .MuiIconButton-label > .MuiSvgIcon-root > path').click();\ncy.wait(1000);",
              "err": {
                "message": "AssertionError: Timed out retrying after 4000ms: Expected to find element: `.MuiPaper-root > .MuiButtonBase-root > .MuiIconButton-label > .MuiSvgIcon-root > path`, but never found it.",
                "estack": "AssertionError: Timed out retrying after 4000ms: Expected to find element: `.MuiPaper-root > .MuiButtonBase-root > .MuiIconButton-label > .MuiSvgIcon-root > path`, but never found it.\n    at Context.eval (https://www.pichau.com.br/__cypress/tests?p=cypress\\integration\\teste-ui\\teste_ui.spec.js:122:8)",
                "diff": null
              },
              "uuid": "aaa4251a-7aab-4341-bdc2-76b5c0b9a22d",
              "parentUUID": "255b4f8c-bf4a-47bb-b56e-3b428a1a7880",
              "isHook": false,
              "skipped": false
            },
            {
              "title": "Teste no bot├úo de criar conta",
              "fullTitle": "testeui Teste no bot├úo de criar conta",
              "timedOut": null,
              "duration": 692,
              "state": "passed",
              "speed": "fast",
              "pass": true,
              "fail": false,
              "pending": false,
              "context": null,
              "code": "cy.get('strong > [href=\"/account\"]').click();",
              "err": {},
              "uuid": "57e1208b-7e8b-4bc1-809f-5db7813e3297",
              "parentUUID": "255b4f8c-bf4a-47bb-b56e-3b428a1a7880",
              "isHook": false,
              "skipped": false
            },
            {
              "title": "Teste de criar a conta, com aviso de erro ",
              "fullTitle": "testeui Teste de criar a conta, com aviso de erro ",
              "timedOut": null,
              "duration": 1775,
              "state": "passed",
              "speed": "fast",
              "pass": true,
              "fail": false,
              "pending": false,
              "context": null,
              "code": "cy.get('#username').type(\"Chris\");\ncy.get('#password').type(\"123\");\ncy.get('[data-cy=login-submit]').click();\ncy.get('#alert-dialog-title > .MuiTypography-root').should(\"contain.text\", \"Autentica├º├úo\");",
              "err": {},
              "uuid": "b03914ca-5a12-4bda-9b4d-f654f06a2909",
              "parentUUID": "255b4f8c-bf4a-47bb-b56e-3b428a1a7880",
              "isHook": false,
              "skipped": false
            }
          ],
          "suites": [],
          "passes": [
            "0a3a79f2-24f9-41a1-a4da-295ea3894184",
            "bbd430d1-0493-400b-aea2-6076b27031cc",
            "6b849772-4d72-4607-b23e-f9d681497939",
            "57e1208b-7e8b-4bc1-809f-5db7813e3297",
            "b03914ca-5a12-4bda-9b4d-f654f06a2909"
          ],
          "failures": [
            "ca5931e4-7cd3-4145-acf5-6048a06cfdc1",
            "6c7ab056-a26c-471a-903b-b62724797996",
            "aaa4251a-7aab-4341-bdc2-76b5c0b9a22d"
          ],
          "pending": [],
          "skipped": [],
          "duration": 30554,
          "root": false,
          "rootEmpty": false,
          "_timeout": 2000
        }
      ],
      "passes": [],
      "failures": [],
      "pending": [],
      "skipped": [],
      "duration": 0,
      "root": true,
      "rootEmpty": true,
      "_timeout": 2000
    }
  ],
  "meta": {
    "mocha": {
      "version": "7.0.1"
    },
    "mochawesome": {
      "options": {
        "quiet": false,
        "reportFilename": "mochawesome",
        "saveHtml": false,
        "saveJson": true,
        "consoleReporter": "spec",
        "useInlineDiffs": false,
        "code": true
      },
      "version": "6.3.1"
    },
    "marge": {
      "options": {
        "reportDir": "cypress/report",
        "overwrite": false,
        "html": false,
        "json": true
      },
      "version": "5.2.0"
    }
  }
}
